ERROR - 2022-09-12 03:36:00 --> Error connecting to the database: mysqli_sql_exception: Connection refused in /home/whytrno/Documents/Project/CI4/lms-beecons/system/Database/MySQLi/Connection.php:171
Stack trace:
#0 /home/whytrno/Documents/Project/CI4/lms-beecons/system/Database/MySQLi/Connection.php(171): mysqli->real_connect()
#1 /home/whytrno/Documents/Project/CI4/lms-beecons/system/Database/BaseConnection.php(382): CodeIgniter\Database\MySQLi\Connection->connect()
#2 /home/whytrno/Documents/Project/CI4/lms-beecons/system/Database/BaseConnection.php(588): CodeIgniter\Database\BaseConnection->initialize()
#3 /home/whytrno/Documents/Project/CI4/lms-beecons/system/Database/BaseBuilder.php(1585): CodeIgniter\Database\BaseConnection->query()
#4 /home/whytrno/Documents/Project/CI4/lms-beecons/system/Model.php(222): CodeIgniter\Database\BaseBuilder->get()
#5 /home/whytrno/Documents/Project/CI4/lms-beecons/system/BaseModel.php(584): CodeIgniter\Model->doFindAll()
#6 /home/whytrno/Documents/Project/CI4/lms-beecons/app/Controllers/PolicyAndPrivacyController.php(25): CodeIgniter\BaseModel->findAll()
#7 /home/whytrno/Documents/Project/CI4/lms-beecons/system/CodeIgniter.php(904): App\Controllers\PolicyAndPrivacyController->index()
#8 /home/whytrno/Documents/Project/CI4/lms-beecons/system/CodeIgniter.php(457): CodeIgniter\CodeIgniter->runController()
#9 /home/whytrno/Documents/Project/CI4/lms-beecons/system/CodeIgniter.php(340): CodeIgniter\CodeIgniter->handleRequest()
#10 /home/whytrno/Documents/Project/CI4/lms-beecons/public/index.php(67): CodeIgniter\CodeIgniter->run()
#11 /home/whytrno/Documents/Project/CI4/lms-beecons/system/Commands/Server/rewrite.php(43): require_once('...')
#12 {main}

Next CodeIgniter\Database\Exceptions\DatabaseException: Connection refused in /home/whytrno/Documents/Project/CI4/lms-beecons/system/Database/MySQLi/Connection.php:215
Stack trace:
#0 /home/whytrno/Documents/Project/CI4/lms-beecons/system/Database/BaseConnection.php(382): CodeIgniter\Database\MySQLi\Connection->connect()
#1 /home/whytrno/Documents/Project/CI4/lms-beecons/system/Database/BaseConnection.php(588): CodeIgniter\Database\BaseConnection->initialize()
#2 /home/whytrno/Documents/Project/CI4/lms-beecons/system/Database/BaseBuilder.php(1585): CodeIgniter\Database\BaseConnection->query()
#3 /home/whytrno/Documents/Project/CI4/lms-beecons/system/Model.php(222): CodeIgniter\Database\BaseBuilder->get()
#4 /home/whytrno/Documents/Project/CI4/lms-beecons/system/BaseModel.php(584): CodeIgniter\Model->doFindAll()
#5 /home/whytrno/Documents/Project/CI4/lms-beecons/app/Controllers/PolicyAndPrivacyController.php(25): CodeIgniter\BaseModel->findAll()
#6 /home/whytrno/Documents/Project/CI4/lms-beecons/system/CodeIgniter.php(904): App\Controllers\PolicyAndPrivacyController->index()
#7 /home/whytrno/Documents/Project/CI4/lms-beecons/system/CodeIgniter.php(457): CodeIgniter\CodeIgniter->runController()
#8 /home/whytrno/Documents/Project/CI4/lms-beecons/system/CodeIgniter.php(340): CodeIgniter\CodeIgniter->handleRequest()
#9 /home/whytrno/Documents/Project/CI4/lms-beecons/public/index.php(67): CodeIgniter\CodeIgniter->run()
#10 /home/whytrno/Documents/Project/CI4/lms-beecons/system/Commands/Server/rewrite.php(43): require_once('...')
#11 {main}
CRITICAL - 2022-09-12 03:36:00 --> Unable to connect to the database.
Main connection [MySQLi]: Connection refused
in SYSTEMPATH/Database/BaseConnection.php on line 418.
 1 SYSTEMPATH/Database/BaseConnection.php(588): CodeIgniter\Database\BaseConnection->initialize()
 2 SYSTEMPATH/Database/BaseBuilder.php(1585): CodeIgniter\Database\BaseConnection->query()
 3 SYSTEMPATH/Model.php(222): CodeIgniter\Database\BaseBuilder->get()
 4 SYSTEMPATH/BaseModel.php(584): CodeIgniter\Model->doFindAll()
 5 APPPATH/Controllers/PolicyAndPrivacyController.php(25): CodeIgniter\BaseModel->findAll()
 6 SYSTEMPATH/CodeIgniter.php(904): App\Controllers\PolicyAndPrivacyController->index()
 7 SYSTEMPATH/CodeIgniter.php(457): CodeIgniter\CodeIgniter->runController()
 8 SYSTEMPATH/CodeIgniter.php(340): CodeIgniter\CodeIgniter->handleRequest()
 9 FCPATH/index.php(67): CodeIgniter\CodeIgniter->run()
10 SYSTEMPATH/Commands/Server/rewrite.php(43): require_once('FCPATH/index.php')
ERROR - 2022-09-12 03:36:04 --> Error connecting to the database: mysqli_sql_exception: Connection refused in /home/whytrno/Documents/Project/CI4/lms-beecons/system/Database/MySQLi/Connection.php:171
Stack trace:
#0 /home/whytrno/Documents/Project/CI4/lms-beecons/system/Database/MySQLi/Connection.php(171): mysqli->real_connect()
#1 /home/whytrno/Documents/Project/CI4/lms-beecons/system/Database/BaseConnection.php(382): CodeIgniter\Database\MySQLi\Connection->connect()
#2 /home/whytrno/Documents/Project/CI4/lms-beecons/system/Database/BaseConnection.php(588): CodeIgniter\Database\BaseConnection->initialize()
#3 /home/whytrno/Documents/Project/CI4/lms-beecons/system/Database/BaseBuilder.php(1585): CodeIgniter\Database\BaseConnection->query()
#4 /home/whytrno/Documents/Project/CI4/lms-beecons/system/Model.php(222): CodeIgniter\Database\BaseBuilder->get()
#5 /home/whytrno/Documents/Project/CI4/lms-beecons/system/BaseModel.php(584): CodeIgniter\Model->doFindAll()
#6 /home/whytrno/Documents/Project/CI4/lms-beecons/app/Controllers/PolicyAndPrivacyController.php(25): CodeIgniter\BaseModel->findAll()
#7 /home/whytrno/Documents/Project/CI4/lms-beecons/system/CodeIgniter.php(904): App\Controllers\PolicyAndPrivacyController->index()
#8 /home/whytrno/Documents/Project/CI4/lms-beecons/system/CodeIgniter.php(457): CodeIgniter\CodeIgniter->runController()
#9 /home/whytrno/Documents/Project/CI4/lms-beecons/system/CodeIgniter.php(340): CodeIgniter\CodeIgniter->handleRequest()
#10 /home/whytrno/Documents/Project/CI4/lms-beecons/public/index.php(67): CodeIgniter\CodeIgniter->run()
#11 /home/whytrno/Documents/Project/CI4/lms-beecons/system/Commands/Server/rewrite.php(43): require_once('...')
#12 {main}

Next CodeIgniter\Database\Exceptions\DatabaseException: Connection refused in /home/whytrno/Documents/Project/CI4/lms-beecons/system/Database/MySQLi/Connection.php:215
Stack trace:
#0 /home/whytrno/Documents/Project/CI4/lms-beecons/system/Database/BaseConnection.php(382): CodeIgniter\Database\MySQLi\Connection->connect()
#1 /home/whytrno/Documents/Project/CI4/lms-beecons/system/Database/BaseConnection.php(588): CodeIgniter\Database\BaseConnection->initialize()
#2 /home/whytrno/Documents/Project/CI4/lms-beecons/system/Database/BaseBuilder.php(1585): CodeIgniter\Database\BaseConnection->query()
#3 /home/whytrno/Documents/Project/CI4/lms-beecons/system/Model.php(222): CodeIgniter\Database\BaseBuilder->get()
#4 /home/whytrno/Documents/Project/CI4/lms-beecons/system/BaseModel.php(584): CodeIgniter\Model->doFindAll()
#5 /home/whytrno/Documents/Project/CI4/lms-beecons/app/Controllers/PolicyAndPrivacyController.php(25): CodeIgniter\BaseModel->findAll()
#6 /home/whytrno/Documents/Project/CI4/lms-beecons/system/CodeIgniter.php(904): App\Controllers\PolicyAndPrivacyController->index()
#7 /home/whytrno/Documents/Project/CI4/lms-beecons/system/CodeIgniter.php(457): CodeIgniter\CodeIgniter->runController()
#8 /home/whytrno/Documents/Project/CI4/lms-beecons/system/CodeIgniter.php(340): CodeIgniter\CodeIgniter->handleRequest()
#9 /home/whytrno/Documents/Project/CI4/lms-beecons/public/index.php(67): CodeIgniter\CodeIgniter->run()
#10 /home/whytrno/Documents/Project/CI4/lms-beecons/system/Commands/Server/rewrite.php(43): require_once('...')
#11 {main}
CRITICAL - 2022-09-12 03:36:04 --> Unable to connect to the database.
Main connection [MySQLi]: Connection refused
in SYSTEMPATH/Database/BaseConnection.php on line 418.
 1 SYSTEMPATH/Database/BaseConnection.php(588): CodeIgniter\Database\BaseConnection->initialize()
 2 SYSTEMPATH/Database/BaseBuilder.php(1585): CodeIgniter\Database\BaseConnection->query()
 3 SYSTEMPATH/Model.php(222): CodeIgniter\Database\BaseBuilder->get()
 4 SYSTEMPATH/BaseModel.php(584): CodeIgniter\Model->doFindAll()
 5 APPPATH/Controllers/PolicyAndPrivacyController.php(25): CodeIgniter\BaseModel->findAll()
 6 SYSTEMPATH/CodeIgniter.php(904): App\Controllers\PolicyAndPrivacyController->index()
 7 SYSTEMPATH/CodeIgniter.php(457): CodeIgniter\CodeIgniter->runController()
 8 SYSTEMPATH/CodeIgniter.php(340): CodeIgniter\CodeIgniter->handleRequest()
 9 FCPATH/index.php(67): CodeIgniter\CodeIgniter->run()
10 SYSTEMPATH/Commands/Server/rewrite.php(43): require_once('FCPATH/index.php')
