CRITICAL - 2022-09-13 03:35:25 --> syntax error, unexpected single-quoted string "description", expecting "]"
in APPPATH/Controllers/CourseController.php on line 53.
 1 SYSTEMPATH/Autoloader/Autoloader.php(259): CodeIgniter\Autoloader\Autoloader->includeFile()
 2 SYSTEMPATH/Autoloader/Autoloader.php(237): CodeIgniter\Autoloader\Autoloader->loadInNamespace()
 3 [internal function]: CodeIgniter\Autoloader\Autoloader->loadClass()
 4 SYSTEMPATH/CodeIgniter.php(854): class_exists()
 5 SYSTEMPATH/CodeIgniter.php(444): CodeIgniter\CodeIgniter->startController()
 6 SYSTEMPATH/CodeIgniter.php(340): CodeIgniter\CodeIgniter->handleRequest()
 7 FCPATH/index.php(67): CodeIgniter\CodeIgniter->run()
 8 SYSTEMPATH/Commands/Server/rewrite.php(43): require_once('FCPATH/index.php')
CRITICAL - 2022-09-13 03:36:12 --> syntax error, unexpected single-quoted string "description", expecting "]"
in APPPATH/Controllers/CourseController.php on line 53.
 1 SYSTEMPATH/Autoloader/Autoloader.php(259): CodeIgniter\Autoloader\Autoloader->includeFile()
 2 SYSTEMPATH/Autoloader/Autoloader.php(237): CodeIgniter\Autoloader\Autoloader->loadInNamespace()
 3 [internal function]: CodeIgniter\Autoloader\Autoloader->loadClass()
 4 SYSTEMPATH/CodeIgniter.php(854): class_exists()
 5 SYSTEMPATH/CodeIgniter.php(444): CodeIgniter\CodeIgniter->startController()
 6 SYSTEMPATH/CodeIgniter.php(340): CodeIgniter\CodeIgniter->handleRequest()
 7 FCPATH/index.php(67): CodeIgniter\CodeIgniter->run()
 8 SYSTEMPATH/Commands/Server/rewrite.php(43): require_once('FCPATH/index.php')
CRITICAL - 2022-09-13 03:39:19 --> syntax error, unexpected single-quoted string "description", expecting "]"
in APPPATH/Controllers/CourseController.php on line 53.
 1 SYSTEMPATH/Autoloader/Autoloader.php(259): CodeIgniter\Autoloader\Autoloader->includeFile()
 2 SYSTEMPATH/Autoloader/Autoloader.php(237): CodeIgniter\Autoloader\Autoloader->loadInNamespace()
 3 [internal function]: CodeIgniter\Autoloader\Autoloader->loadClass()
 4 SYSTEMPATH/CodeIgniter.php(854): class_exists()
 5 SYSTEMPATH/CodeIgniter.php(444): CodeIgniter\CodeIgniter->startController()
 6 SYSTEMPATH/CodeIgniter.php(340): CodeIgniter\CodeIgniter->handleRequest()
 7 FCPATH/index.php(67): CodeIgniter\CodeIgniter->run()
 8 SYSTEMPATH/Commands/Server/rewrite.php(43): require_once('FCPATH/index.php')
ERROR - 2022-09-13 03:50:38 --> mysqli_sql_exception: Operand should contain 1 column(s) in /home/whytrno/Documents/Project/CI4/lms-beecons/system/Database/MySQLi/Connection.php:292
Stack trace:
#0 /home/whytrno/Documents/Project/CI4/lms-beecons/system/Database/MySQLi/Connection.php(292): mysqli->query()
#1 /home/whytrno/Documents/Project/CI4/lms-beecons/system/Database/BaseConnection.php(693): CodeIgniter\Database\MySQLi\Connection->execute()
#2 /home/whytrno/Documents/Project/CI4/lms-beecons/system/Database/BaseConnection.php(620): CodeIgniter\Database\BaseConnection->simpleQuery()
#3 /home/whytrno/Documents/Project/CI4/lms-beecons/system/Database/BaseBuilder.php(2078): CodeIgniter\Database\BaseConnection->query()
#4 /home/whytrno/Documents/Project/CI4/lms-beecons/system/Model.php(337): CodeIgniter\Database\BaseBuilder->update()
#5 /home/whytrno/Documents/Project/CI4/lms-beecons/system/BaseModel.php(865): CodeIgniter\Model->doUpdate()
#6 /home/whytrno/Documents/Project/CI4/lms-beecons/system/Model.php(692): CodeIgniter\BaseModel->update()
#7 /home/whytrno/Documents/Project/CI4/lms-beecons/app/Controllers/CourseController.php(121): CodeIgniter\Model->update()
#8 /home/whytrno/Documents/Project/CI4/lms-beecons/system/CodeIgniter.php(904): App\Controllers\CourseController->update()
#9 /home/whytrno/Documents/Project/CI4/lms-beecons/system/CodeIgniter.php(457): CodeIgniter\CodeIgniter->runController()
#10 /home/whytrno/Documents/Project/CI4/lms-beecons/system/CodeIgniter.php(340): CodeIgniter\CodeIgniter->handleRequest()
#11 /home/whytrno/Documents/Project/CI4/lms-beecons/public/index.php(67): CodeIgniter\CodeIgniter->run()
#12 /home/whytrno/Documents/Project/CI4/lms-beecons/system/Commands/Server/rewrite.php(43): require_once('...')
#13 {main}
CRITICAL - 2022-09-13 03:50:38 --> Operand should contain 1 column(s)
in SYSTEMPATH/Database/MySQLi/Connection.php on line 292.
 1 SYSTEMPATH/Database/MySQLi/Connection.php(292): mysqli->query()
 2 SYSTEMPATH/Database/BaseConnection.php(693): CodeIgniter\Database\MySQLi\Connection->execute()
 3 SYSTEMPATH/Database/BaseConnection.php(620): CodeIgniter\Database\BaseConnection->simpleQuery()
 4 SYSTEMPATH/Database/BaseBuilder.php(2078): CodeIgniter\Database\BaseConnection->query()
 5 SYSTEMPATH/Model.php(337): CodeIgniter\Database\BaseBuilder->update()
 6 SYSTEMPATH/BaseModel.php(865): CodeIgniter\Model->doUpdate()
 7 SYSTEMPATH/Model.php(692): CodeIgniter\BaseModel->update()
 8 APPPATH/Controllers/CourseController.php(121): CodeIgniter\Model->update()
 9 SYSTEMPATH/CodeIgniter.php(904): App\Controllers\CourseController->update()
10 SYSTEMPATH/CodeIgniter.php(457): CodeIgniter\CodeIgniter->runController()
11 SYSTEMPATH/CodeIgniter.php(340): CodeIgniter\CodeIgniter->handleRequest()
12 FCPATH/index.php(67): CodeIgniter\CodeIgniter->run()
13 SYSTEMPATH/Commands/Server/rewrite.php(43): require_once('FCPATH/index.php')
ERROR - 2022-09-13 03:50:52 --> mysqli_sql_exception: Operand should contain 1 column(s) in /home/whytrno/Documents/Project/CI4/lms-beecons/system/Database/MySQLi/Connection.php:292
Stack trace:
#0 /home/whytrno/Documents/Project/CI4/lms-beecons/system/Database/MySQLi/Connection.php(292): mysqli->query()
#1 /home/whytrno/Documents/Project/CI4/lms-beecons/system/Database/BaseConnection.php(693): CodeIgniter\Database\MySQLi\Connection->execute()
#2 /home/whytrno/Documents/Project/CI4/lms-beecons/system/Database/BaseConnection.php(620): CodeIgniter\Database\BaseConnection->simpleQuery()
#3 /home/whytrno/Documents/Project/CI4/lms-beecons/system/Database/BaseBuilder.php(2078): CodeIgniter\Database\BaseConnection->query()
#4 /home/whytrno/Documents/Project/CI4/lms-beecons/system/Model.php(337): CodeIgniter\Database\BaseBuilder->update()
#5 /home/whytrno/Documents/Project/CI4/lms-beecons/system/BaseModel.php(865): CodeIgniter\Model->doUpdate()
#6 /home/whytrno/Documents/Project/CI4/lms-beecons/system/Model.php(692): CodeIgniter\BaseModel->update()
#7 /home/whytrno/Documents/Project/CI4/lms-beecons/app/Controllers/CourseController.php(121): CodeIgniter\Model->update()
#8 /home/whytrno/Documents/Project/CI4/lms-beecons/system/CodeIgniter.php(904): App\Controllers\CourseController->update()
#9 /home/whytrno/Documents/Project/CI4/lms-beecons/system/CodeIgniter.php(457): CodeIgniter\CodeIgniter->runController()
#10 /home/whytrno/Documents/Project/CI4/lms-beecons/system/CodeIgniter.php(340): CodeIgniter\CodeIgniter->handleRequest()
#11 /home/whytrno/Documents/Project/CI4/lms-beecons/public/index.php(67): CodeIgniter\CodeIgniter->run()
#12 /home/whytrno/Documents/Project/CI4/lms-beecons/system/Commands/Server/rewrite.php(43): require_once('...')
#13 {main}
CRITICAL - 2022-09-13 03:50:52 --> Operand should contain 1 column(s)
in SYSTEMPATH/Database/MySQLi/Connection.php on line 292.
 1 SYSTEMPATH/Database/MySQLi/Connection.php(292): mysqli->query()
 2 SYSTEMPATH/Database/BaseConnection.php(693): CodeIgniter\Database\MySQLi\Connection->execute()
 3 SYSTEMPATH/Database/BaseConnection.php(620): CodeIgniter\Database\BaseConnection->simpleQuery()
 4 SYSTEMPATH/Database/BaseBuilder.php(2078): CodeIgniter\Database\BaseConnection->query()
 5 SYSTEMPATH/Model.php(337): CodeIgniter\Database\BaseBuilder->update()
 6 SYSTEMPATH/BaseModel.php(865): CodeIgniter\Model->doUpdate()
 7 SYSTEMPATH/Model.php(692): CodeIgniter\BaseModel->update()
 8 APPPATH/Controllers/CourseController.php(121): CodeIgniter\Model->update()
 9 SYSTEMPATH/CodeIgniter.php(904): App\Controllers\CourseController->update()
10 SYSTEMPATH/CodeIgniter.php(457): CodeIgniter\CodeIgniter->runController()
11 SYSTEMPATH/CodeIgniter.php(340): CodeIgniter\CodeIgniter->handleRequest()
12 FCPATH/index.php(67): CodeIgniter\CodeIgniter->run()
13 SYSTEMPATH/Commands/Server/rewrite.php(43): require_once('FCPATH/index.php')
ERROR - 2022-09-13 03:51:23 --> mysqli_sql_exception: Operand should contain 1 column(s) in /home/whytrno/Documents/Project/CI4/lms-beecons/system/Database/MySQLi/Connection.php:292
Stack trace:
#0 /home/whytrno/Documents/Project/CI4/lms-beecons/system/Database/MySQLi/Connection.php(292): mysqli->query()
#1 /home/whytrno/Documents/Project/CI4/lms-beecons/system/Database/BaseConnection.php(693): CodeIgniter\Database\MySQLi\Connection->execute()
#2 /home/whytrno/Documents/Project/CI4/lms-beecons/system/Database/BaseConnection.php(620): CodeIgniter\Database\BaseConnection->simpleQuery()
#3 /home/whytrno/Documents/Project/CI4/lms-beecons/system/Database/BaseBuilder.php(2078): CodeIgniter\Database\BaseConnection->query()
#4 /home/whytrno/Documents/Project/CI4/lms-beecons/system/Model.php(337): CodeIgniter\Database\BaseBuilder->update()
#5 /home/whytrno/Documents/Project/CI4/lms-beecons/system/BaseModel.php(865): CodeIgniter\Model->doUpdate()
#6 /home/whytrno/Documents/Project/CI4/lms-beecons/system/Model.php(692): CodeIgniter\BaseModel->update()
#7 /home/whytrno/Documents/Project/CI4/lms-beecons/app/Controllers/CourseController.php(121): CodeIgniter\Model->update()
#8 /home/whytrno/Documents/Project/CI4/lms-beecons/system/CodeIgniter.php(904): App\Controllers\CourseController->update()
#9 /home/whytrno/Documents/Project/CI4/lms-beecons/system/CodeIgniter.php(457): CodeIgniter\CodeIgniter->runController()
#10 /home/whytrno/Documents/Project/CI4/lms-beecons/system/CodeIgniter.php(340): CodeIgniter\CodeIgniter->handleRequest()
#11 /home/whytrno/Documents/Project/CI4/lms-beecons/public/index.php(67): CodeIgniter\CodeIgniter->run()
#12 /home/whytrno/Documents/Project/CI4/lms-beecons/system/Commands/Server/rewrite.php(43): require_once('...')
#13 {main}
CRITICAL - 2022-09-13 03:51:23 --> Operand should contain 1 column(s)
in SYSTEMPATH/Database/MySQLi/Connection.php on line 292.
 1 SYSTEMPATH/Database/MySQLi/Connection.php(292): mysqli->query()
 2 SYSTEMPATH/Database/BaseConnection.php(693): CodeIgniter\Database\MySQLi\Connection->execute()
 3 SYSTEMPATH/Database/BaseConnection.php(620): CodeIgniter\Database\BaseConnection->simpleQuery()
 4 SYSTEMPATH/Database/BaseBuilder.php(2078): CodeIgniter\Database\BaseConnection->query()
 5 SYSTEMPATH/Model.php(337): CodeIgniter\Database\BaseBuilder->update()
 6 SYSTEMPATH/BaseModel.php(865): CodeIgniter\Model->doUpdate()
 7 SYSTEMPATH/Model.php(692): CodeIgniter\BaseModel->update()
 8 APPPATH/Controllers/CourseController.php(121): CodeIgniter\Model->update()
 9 SYSTEMPATH/CodeIgniter.php(904): App\Controllers\CourseController->update()
10 SYSTEMPATH/CodeIgniter.php(457): CodeIgniter\CodeIgniter->runController()
11 SYSTEMPATH/CodeIgniter.php(340): CodeIgniter\CodeIgniter->handleRequest()
12 FCPATH/index.php(67): CodeIgniter\CodeIgniter->run()
13 SYSTEMPATH/Commands/Server/rewrite.php(43): require_once('FCPATH/index.php')
ERROR - 2022-09-13 03:53:18 --> mysqli_sql_exception: Operand should contain 1 column(s) in /home/whytrno/Documents/Project/CI4/lms-beecons/system/Database/MySQLi/Connection.php:292
Stack trace:
#0 /home/whytrno/Documents/Project/CI4/lms-beecons/system/Database/MySQLi/Connection.php(292): mysqli->query()
#1 /home/whytrno/Documents/Project/CI4/lms-beecons/system/Database/BaseConnection.php(693): CodeIgniter\Database\MySQLi\Connection->execute()
#2 /home/whytrno/Documents/Project/CI4/lms-beecons/system/Database/BaseConnection.php(620): CodeIgniter\Database\BaseConnection->simpleQuery()
#3 /home/whytrno/Documents/Project/CI4/lms-beecons/system/Database/BaseBuilder.php(2078): CodeIgniter\Database\BaseConnection->query()
#4 /home/whytrno/Documents/Project/CI4/lms-beecons/system/Model.php(337): CodeIgniter\Database\BaseBuilder->update()
#5 /home/whytrno/Documents/Project/CI4/lms-beecons/system/BaseModel.php(865): CodeIgniter\Model->doUpdate()
#6 /home/whytrno/Documents/Project/CI4/lms-beecons/system/Model.php(692): CodeIgniter\BaseModel->update()
#7 /home/whytrno/Documents/Project/CI4/lms-beecons/app/Controllers/CourseController.php(122): CodeIgniter\Model->update()
#8 /home/whytrno/Documents/Project/CI4/lms-beecons/system/CodeIgniter.php(904): App\Controllers\CourseController->update()
#9 /home/whytrno/Documents/Project/CI4/lms-beecons/system/CodeIgniter.php(457): CodeIgniter\CodeIgniter->runController()
#10 /home/whytrno/Documents/Project/CI4/lms-beecons/system/CodeIgniter.php(340): CodeIgniter\CodeIgniter->handleRequest()
#11 /home/whytrno/Documents/Project/CI4/lms-beecons/public/index.php(67): CodeIgniter\CodeIgniter->run()
#12 /home/whytrno/Documents/Project/CI4/lms-beecons/system/Commands/Server/rewrite.php(43): require_once('...')
#13 {main}
CRITICAL - 2022-09-13 03:53:18 --> Operand should contain 1 column(s)
in SYSTEMPATH/Database/MySQLi/Connection.php on line 292.
 1 SYSTEMPATH/Database/MySQLi/Connection.php(292): mysqli->query()
 2 SYSTEMPATH/Database/BaseConnection.php(693): CodeIgniter\Database\MySQLi\Connection->execute()
 3 SYSTEMPATH/Database/BaseConnection.php(620): CodeIgniter\Database\BaseConnection->simpleQuery()
 4 SYSTEMPATH/Database/BaseBuilder.php(2078): CodeIgniter\Database\BaseConnection->query()
 5 SYSTEMPATH/Model.php(337): CodeIgniter\Database\BaseBuilder->update()
 6 SYSTEMPATH/BaseModel.php(865): CodeIgniter\Model->doUpdate()
 7 SYSTEMPATH/Model.php(692): CodeIgniter\BaseModel->update()
 8 APPPATH/Controllers/CourseController.php(122): CodeIgniter\Model->update()
 9 SYSTEMPATH/CodeIgniter.php(904): App\Controllers\CourseController->update()
10 SYSTEMPATH/CodeIgniter.php(457): CodeIgniter\CodeIgniter->runController()
11 SYSTEMPATH/CodeIgniter.php(340): CodeIgniter\CodeIgniter->handleRequest()
12 FCPATH/index.php(67): CodeIgniter\CodeIgniter->run()
13 SYSTEMPATH/Commands/Server/rewrite.php(43): require_once('FCPATH/index.php')
ERROR - 2022-09-13 03:53:53 --> mysqli_sql_exception: Operand should contain 1 column(s) in /home/whytrno/Documents/Project/CI4/lms-beecons/system/Database/MySQLi/Connection.php:292
Stack trace:
#0 /home/whytrno/Documents/Project/CI4/lms-beecons/system/Database/MySQLi/Connection.php(292): mysqli->query()
#1 /home/whytrno/Documents/Project/CI4/lms-beecons/system/Database/BaseConnection.php(693): CodeIgniter\Database\MySQLi\Connection->execute()
#2 /home/whytrno/Documents/Project/CI4/lms-beecons/system/Database/BaseConnection.php(620): CodeIgniter\Database\BaseConnection->simpleQuery()
#3 /home/whytrno/Documents/Project/CI4/lms-beecons/system/Database/BaseBuilder.php(2078): CodeIgniter\Database\BaseConnection->query()
#4 /home/whytrno/Documents/Project/CI4/lms-beecons/system/Model.php(337): CodeIgniter\Database\BaseBuilder->update()
#5 /home/whytrno/Documents/Project/CI4/lms-beecons/system/BaseModel.php(865): CodeIgniter\Model->doUpdate()
#6 /home/whytrno/Documents/Project/CI4/lms-beecons/system/Model.php(692): CodeIgniter\BaseModel->update()
#7 /home/whytrno/Documents/Project/CI4/lms-beecons/app/Controllers/CourseController.php(122): CodeIgniter\Model->update()
#8 /home/whytrno/Documents/Project/CI4/lms-beecons/system/CodeIgniter.php(904): App\Controllers\CourseController->update()
#9 /home/whytrno/Documents/Project/CI4/lms-beecons/system/CodeIgniter.php(457): CodeIgniter\CodeIgniter->runController()
#10 /home/whytrno/Documents/Project/CI4/lms-beecons/system/CodeIgniter.php(340): CodeIgniter\CodeIgniter->handleRequest()
#11 /home/whytrno/Documents/Project/CI4/lms-beecons/public/index.php(67): CodeIgniter\CodeIgniter->run()
#12 /home/whytrno/Documents/Project/CI4/lms-beecons/system/Commands/Server/rewrite.php(43): require_once('...')
#13 {main}
CRITICAL - 2022-09-13 03:53:53 --> Operand should contain 1 column(s)
in SYSTEMPATH/Database/MySQLi/Connection.php on line 292.
 1 SYSTEMPATH/Database/MySQLi/Connection.php(292): mysqli->query()
 2 SYSTEMPATH/Database/BaseConnection.php(693): CodeIgniter\Database\MySQLi\Connection->execute()
 3 SYSTEMPATH/Database/BaseConnection.php(620): CodeIgniter\Database\BaseConnection->simpleQuery()
 4 SYSTEMPATH/Database/BaseBuilder.php(2078): CodeIgniter\Database\BaseConnection->query()
 5 SYSTEMPATH/Model.php(337): CodeIgniter\Database\BaseBuilder->update()
 6 SYSTEMPATH/BaseModel.php(865): CodeIgniter\Model->doUpdate()
 7 SYSTEMPATH/Model.php(692): CodeIgniter\BaseModel->update()
 8 APPPATH/Controllers/CourseController.php(122): CodeIgniter\Model->update()
 9 SYSTEMPATH/CodeIgniter.php(904): App\Controllers\CourseController->update()
10 SYSTEMPATH/CodeIgniter.php(457): CodeIgniter\CodeIgniter->runController()
11 SYSTEMPATH/CodeIgniter.php(340): CodeIgniter\CodeIgniter->handleRequest()
12 FCPATH/index.php(67): CodeIgniter\CodeIgniter->run()
13 SYSTEMPATH/Commands/Server/rewrite.php(43): require_once('FCPATH/index.php')
ERROR - 2022-09-13 03:54:47 --> mysqli_sql_exception: Operand should contain 1 column(s) in /home/whytrno/Documents/Project/CI4/lms-beecons/system/Database/MySQLi/Connection.php:292
Stack trace:
#0 /home/whytrno/Documents/Project/CI4/lms-beecons/system/Database/MySQLi/Connection.php(292): mysqli->query()
#1 /home/whytrno/Documents/Project/CI4/lms-beecons/system/Database/BaseConnection.php(693): CodeIgniter\Database\MySQLi\Connection->execute()
#2 /home/whytrno/Documents/Project/CI4/lms-beecons/system/Database/BaseConnection.php(620): CodeIgniter\Database\BaseConnection->simpleQuery()
#3 /home/whytrno/Documents/Project/CI4/lms-beecons/system/Database/BaseBuilder.php(2078): CodeIgniter\Database\BaseConnection->query()
#4 /home/whytrno/Documents/Project/CI4/lms-beecons/system/Model.php(337): CodeIgniter\Database\BaseBuilder->update()
#5 /home/whytrno/Documents/Project/CI4/lms-beecons/system/BaseModel.php(865): CodeIgniter\Model->doUpdate()
#6 /home/whytrno/Documents/Project/CI4/lms-beecons/system/Model.php(692): CodeIgniter\BaseModel->update()
#7 /home/whytrno/Documents/Project/CI4/lms-beecons/app/Controllers/CourseController.php(122): CodeIgniter\Model->update()
#8 /home/whytrno/Documents/Project/CI4/lms-beecons/system/CodeIgniter.php(904): App\Controllers\CourseController->update()
#9 /home/whytrno/Documents/Project/CI4/lms-beecons/system/CodeIgniter.php(457): CodeIgniter\CodeIgniter->runController()
#10 /home/whytrno/Documents/Project/CI4/lms-beecons/system/CodeIgniter.php(340): CodeIgniter\CodeIgniter->handleRequest()
#11 /home/whytrno/Documents/Project/CI4/lms-beecons/public/index.php(67): CodeIgniter\CodeIgniter->run()
#12 /home/whytrno/Documents/Project/CI4/lms-beecons/system/Commands/Server/rewrite.php(43): require_once('...')
#13 {main}
CRITICAL - 2022-09-13 03:54:47 --> Operand should contain 1 column(s)
in SYSTEMPATH/Database/MySQLi/Connection.php on line 292.
 1 SYSTEMPATH/Database/MySQLi/Connection.php(292): mysqli->query()
 2 SYSTEMPATH/Database/BaseConnection.php(693): CodeIgniter\Database\MySQLi\Connection->execute()
 3 SYSTEMPATH/Database/BaseConnection.php(620): CodeIgniter\Database\BaseConnection->simpleQuery()
 4 SYSTEMPATH/Database/BaseBuilder.php(2078): CodeIgniter\Database\BaseConnection->query()
 5 SYSTEMPATH/Model.php(337): CodeIgniter\Database\BaseBuilder->update()
 6 SYSTEMPATH/BaseModel.php(865): CodeIgniter\Model->doUpdate()
 7 SYSTEMPATH/Model.php(692): CodeIgniter\BaseModel->update()
 8 APPPATH/Controllers/CourseController.php(122): CodeIgniter\Model->update()
 9 SYSTEMPATH/CodeIgniter.php(904): App\Controllers\CourseController->update()
10 SYSTEMPATH/CodeIgniter.php(457): CodeIgniter\CodeIgniter->runController()
11 SYSTEMPATH/CodeIgniter.php(340): CodeIgniter\CodeIgniter->handleRequest()
12 FCPATH/index.php(67): CodeIgniter\CodeIgniter->run()
13 SYSTEMPATH/Commands/Server/rewrite.php(43): require_once('FCPATH/index.php')
ERROR - 2022-09-13 03:54:49 --> mysqli_sql_exception: Operand should contain 1 column(s) in /home/whytrno/Documents/Project/CI4/lms-beecons/system/Database/MySQLi/Connection.php:292
Stack trace:
#0 /home/whytrno/Documents/Project/CI4/lms-beecons/system/Database/MySQLi/Connection.php(292): mysqli->query()
#1 /home/whytrno/Documents/Project/CI4/lms-beecons/system/Database/BaseConnection.php(693): CodeIgniter\Database\MySQLi\Connection->execute()
#2 /home/whytrno/Documents/Project/CI4/lms-beecons/system/Database/BaseConnection.php(620): CodeIgniter\Database\BaseConnection->simpleQuery()
#3 /home/whytrno/Documents/Project/CI4/lms-beecons/system/Database/BaseBuilder.php(2078): CodeIgniter\Database\BaseConnection->query()
#4 /home/whytrno/Documents/Project/CI4/lms-beecons/system/Model.php(337): CodeIgniter\Database\BaseBuilder->update()
#5 /home/whytrno/Documents/Project/CI4/lms-beecons/system/BaseModel.php(865): CodeIgniter\Model->doUpdate()
#6 /home/whytrno/Documents/Project/CI4/lms-beecons/system/Model.php(692): CodeIgniter\BaseModel->update()
#7 /home/whytrno/Documents/Project/CI4/lms-beecons/app/Controllers/CourseController.php(122): CodeIgniter\Model->update()
#8 /home/whytrno/Documents/Project/CI4/lms-beecons/system/CodeIgniter.php(904): App\Controllers\CourseController->update()
#9 /home/whytrno/Documents/Project/CI4/lms-beecons/system/CodeIgniter.php(457): CodeIgniter\CodeIgniter->runController()
#10 /home/whytrno/Documents/Project/CI4/lms-beecons/system/CodeIgniter.php(340): CodeIgniter\CodeIgniter->handleRequest()
#11 /home/whytrno/Documents/Project/CI4/lms-beecons/public/index.php(67): CodeIgniter\CodeIgniter->run()
#12 /home/whytrno/Documents/Project/CI4/lms-beecons/system/Commands/Server/rewrite.php(43): require_once('...')
#13 {main}
CRITICAL - 2022-09-13 03:54:49 --> Operand should contain 1 column(s)
in SYSTEMPATH/Database/MySQLi/Connection.php on line 292.
 1 SYSTEMPATH/Database/MySQLi/Connection.php(292): mysqli->query()
 2 SYSTEMPATH/Database/BaseConnection.php(693): CodeIgniter\Database\MySQLi\Connection->execute()
 3 SYSTEMPATH/Database/BaseConnection.php(620): CodeIgniter\Database\BaseConnection->simpleQuery()
 4 SYSTEMPATH/Database/BaseBuilder.php(2078): CodeIgniter\Database\BaseConnection->query()
 5 SYSTEMPATH/Model.php(337): CodeIgniter\Database\BaseBuilder->update()
 6 SYSTEMPATH/BaseModel.php(865): CodeIgniter\Model->doUpdate()
 7 SYSTEMPATH/Model.php(692): CodeIgniter\BaseModel->update()
 8 APPPATH/Controllers/CourseController.php(122): CodeIgniter\Model->update()
 9 SYSTEMPATH/CodeIgniter.php(904): App\Controllers\CourseController->update()
10 SYSTEMPATH/CodeIgniter.php(457): CodeIgniter\CodeIgniter->runController()
11 SYSTEMPATH/CodeIgniter.php(340): CodeIgniter\CodeIgniter->handleRequest()
12 FCPATH/index.php(67): CodeIgniter\CodeIgniter->run()
13 SYSTEMPATH/Commands/Server/rewrite.php(43): require_once('FCPATH/index.php')
CRITICAL - 2022-09-13 03:57:00 --> syntax error, unexpected token ";"
in APPPATH/Controllers/PolicyAndPrivacyController.php on line 163.
 1 SYSTEMPATH/Autoloader/Autoloader.php(259): CodeIgniter\Autoloader\Autoloader->includeFile()
 2 SYSTEMPATH/Autoloader/Autoloader.php(237): CodeIgniter\Autoloader\Autoloader->loadInNamespace()
 3 [internal function]: CodeIgniter\Autoloader\Autoloader->loadClass()
 4 SYSTEMPATH/CodeIgniter.php(854): class_exists()
 5 SYSTEMPATH/CodeIgniter.php(444): CodeIgniter\CodeIgniter->startController()
 6 SYSTEMPATH/CodeIgniter.php(340): CodeIgniter\CodeIgniter->handleRequest()
 7 FCPATH/index.php(67): CodeIgniter\CodeIgniter->run()
 8 SYSTEMPATH/Commands/Server/rewrite.php(43): require_once('FCPATH/index.php')
CRITICAL - 2022-09-13 03:57:23 --> syntax error, unexpected token ";"
in APPPATH/Controllers/PolicyAndPrivacyController.php on line 163.
 1 SYSTEMPATH/Autoloader/Autoloader.php(259): CodeIgniter\Autoloader\Autoloader->includeFile()
 2 SYSTEMPATH/Autoloader/Autoloader.php(237): CodeIgniter\Autoloader\Autoloader->loadInNamespace()
 3 [internal function]: CodeIgniter\Autoloader\Autoloader->loadClass()
 4 SYSTEMPATH/CodeIgniter.php(854): class_exists()
 5 SYSTEMPATH/CodeIgniter.php(444): CodeIgniter\CodeIgniter->startController()
 6 SYSTEMPATH/CodeIgniter.php(340): CodeIgniter\CodeIgniter->handleRequest()
 7 FCPATH/index.php(67): CodeIgniter\CodeIgniter->run()
 8 SYSTEMPATH/Commands/Server/rewrite.php(43): require_once('FCPATH/index.php')
ERROR - 2022-09-13 03:58:45 --> mysqli_sql_exception: Operand should contain 1 column(s) in /home/whytrno/Documents/Project/CI4/lms-beecons/system/Database/MySQLi/Connection.php:292
Stack trace:
#0 /home/whytrno/Documents/Project/CI4/lms-beecons/system/Database/MySQLi/Connection.php(292): mysqli->query()
#1 /home/whytrno/Documents/Project/CI4/lms-beecons/system/Database/BaseConnection.php(693): CodeIgniter\Database\MySQLi\Connection->execute()
#2 /home/whytrno/Documents/Project/CI4/lms-beecons/system/Database/BaseConnection.php(620): CodeIgniter\Database\BaseConnection->simpleQuery()
#3 /home/whytrno/Documents/Project/CI4/lms-beecons/system/Database/BaseBuilder.php(2078): CodeIgniter\Database\BaseConnection->query()
#4 /home/whytrno/Documents/Project/CI4/lms-beecons/system/Model.php(337): CodeIgniter\Database\BaseBuilder->update()
#5 /home/whytrno/Documents/Project/CI4/lms-beecons/system/BaseModel.php(865): CodeIgniter\Model->doUpdate()
#6 /home/whytrno/Documents/Project/CI4/lms-beecons/system/Model.php(692): CodeIgniter\BaseModel->update()
#7 /home/whytrno/Documents/Project/CI4/lms-beecons/app/Controllers/CourseController.php(122): CodeIgniter\Model->update()
#8 /home/whytrno/Documents/Project/CI4/lms-beecons/system/CodeIgniter.php(904): App\Controllers\CourseController->update()
#9 /home/whytrno/Documents/Project/CI4/lms-beecons/system/CodeIgniter.php(457): CodeIgniter\CodeIgniter->runController()
#10 /home/whytrno/Documents/Project/CI4/lms-beecons/system/CodeIgniter.php(340): CodeIgniter\CodeIgniter->handleRequest()
#11 /home/whytrno/Documents/Project/CI4/lms-beecons/public/index.php(67): CodeIgniter\CodeIgniter->run()
#12 /home/whytrno/Documents/Project/CI4/lms-beecons/system/Commands/Server/rewrite.php(43): require_once('...')
#13 {main}
CRITICAL - 2022-09-13 03:58:45 --> Operand should contain 1 column(s)
in SYSTEMPATH/Database/MySQLi/Connection.php on line 292.
 1 SYSTEMPATH/Database/MySQLi/Connection.php(292): mysqli->query()
 2 SYSTEMPATH/Database/BaseConnection.php(693): CodeIgniter\Database\MySQLi\Connection->execute()
 3 SYSTEMPATH/Database/BaseConnection.php(620): CodeIgniter\Database\BaseConnection->simpleQuery()
 4 SYSTEMPATH/Database/BaseBuilder.php(2078): CodeIgniter\Database\BaseConnection->query()
 5 SYSTEMPATH/Model.php(337): CodeIgniter\Database\BaseBuilder->update()
 6 SYSTEMPATH/BaseModel.php(865): CodeIgniter\Model->doUpdate()
 7 SYSTEMPATH/Model.php(692): CodeIgniter\BaseModel->update()
 8 APPPATH/Controllers/CourseController.php(122): CodeIgniter\Model->update()
 9 SYSTEMPATH/CodeIgniter.php(904): App\Controllers\CourseController->update()
10 SYSTEMPATH/CodeIgniter.php(457): CodeIgniter\CodeIgniter->runController()
11 SYSTEMPATH/CodeIgniter.php(340): CodeIgniter\CodeIgniter->handleRequest()
12 FCPATH/index.php(67): CodeIgniter\CodeIgniter->run()
13 SYSTEMPATH/Commands/Server/rewrite.php(43): require_once('FCPATH/index.php')
ERROR - 2022-09-13 03:58:58 --> mysqli_sql_exception: Operand should contain 1 column(s) in /home/whytrno/Documents/Project/CI4/lms-beecons/system/Database/MySQLi/Connection.php:292
Stack trace:
#0 /home/whytrno/Documents/Project/CI4/lms-beecons/system/Database/MySQLi/Connection.php(292): mysqli->query()
#1 /home/whytrno/Documents/Project/CI4/lms-beecons/system/Database/BaseConnection.php(693): CodeIgniter\Database\MySQLi\Connection->execute()
#2 /home/whytrno/Documents/Project/CI4/lms-beecons/system/Database/BaseConnection.php(620): CodeIgniter\Database\BaseConnection->simpleQuery()
#3 /home/whytrno/Documents/Project/CI4/lms-beecons/system/Database/BaseBuilder.php(2078): CodeIgniter\Database\BaseConnection->query()
#4 /home/whytrno/Documents/Project/CI4/lms-beecons/system/Model.php(337): CodeIgniter\Database\BaseBuilder->update()
#5 /home/whytrno/Documents/Project/CI4/lms-beecons/system/BaseModel.php(865): CodeIgniter\Model->doUpdate()
#6 /home/whytrno/Documents/Project/CI4/lms-beecons/system/Model.php(692): CodeIgniter\BaseModel->update()
#7 /home/whytrno/Documents/Project/CI4/lms-beecons/app/Controllers/CourseController.php(122): CodeIgniter\Model->update()
#8 /home/whytrno/Documents/Project/CI4/lms-beecons/system/CodeIgniter.php(904): App\Controllers\CourseController->update()
#9 /home/whytrno/Documents/Project/CI4/lms-beecons/system/CodeIgniter.php(457): CodeIgniter\CodeIgniter->runController()
#10 /home/whytrno/Documents/Project/CI4/lms-beecons/system/CodeIgniter.php(340): CodeIgniter\CodeIgniter->handleRequest()
#11 /home/whytrno/Documents/Project/CI4/lms-beecons/public/index.php(67): CodeIgniter\CodeIgniter->run()
#12 /home/whytrno/Documents/Project/CI4/lms-beecons/system/Commands/Server/rewrite.php(43): require_once('...')
#13 {main}
CRITICAL - 2022-09-13 03:58:58 --> Operand should contain 1 column(s)
in SYSTEMPATH/Database/MySQLi/Connection.php on line 292.
 1 SYSTEMPATH/Database/MySQLi/Connection.php(292): mysqli->query()
 2 SYSTEMPATH/Database/BaseConnection.php(693): CodeIgniter\Database\MySQLi\Connection->execute()
 3 SYSTEMPATH/Database/BaseConnection.php(620): CodeIgniter\Database\BaseConnection->simpleQuery()
 4 SYSTEMPATH/Database/BaseBuilder.php(2078): CodeIgniter\Database\BaseConnection->query()
 5 SYSTEMPATH/Model.php(337): CodeIgniter\Database\BaseBuilder->update()
 6 SYSTEMPATH/BaseModel.php(865): CodeIgniter\Model->doUpdate()
 7 SYSTEMPATH/Model.php(692): CodeIgniter\BaseModel->update()
 8 APPPATH/Controllers/CourseController.php(122): CodeIgniter\Model->update()
 9 SYSTEMPATH/CodeIgniter.php(904): App\Controllers\CourseController->update()
10 SYSTEMPATH/CodeIgniter.php(457): CodeIgniter\CodeIgniter->runController()
11 SYSTEMPATH/CodeIgniter.php(340): CodeIgniter\CodeIgniter->handleRequest()
12 FCPATH/index.php(67): CodeIgniter\CodeIgniter->run()
13 SYSTEMPATH/Commands/Server/rewrite.php(43): require_once('FCPATH/index.php')
ERROR - 2022-09-13 04:06:37 --> mysqli_sql_exception: Operand should contain 1 column(s) in /home/whytrno/Documents/Project/CI4/lms-beecons/system/Database/MySQLi/Connection.php:292
Stack trace:
#0 /home/whytrno/Documents/Project/CI4/lms-beecons/system/Database/MySQLi/Connection.php(292): mysqli->query()
#1 /home/whytrno/Documents/Project/CI4/lms-beecons/system/Database/BaseConnection.php(693): CodeIgniter\Database\MySQLi\Connection->execute()
#2 /home/whytrno/Documents/Project/CI4/lms-beecons/system/Database/BaseConnection.php(620): CodeIgniter\Database\BaseConnection->simpleQuery()
#3 /home/whytrno/Documents/Project/CI4/lms-beecons/system/Database/BaseBuilder.php(2078): CodeIgniter\Database\BaseConnection->query()
#4 /home/whytrno/Documents/Project/CI4/lms-beecons/system/Model.php(337): CodeIgniter\Database\BaseBuilder->update()
#5 /home/whytrno/Documents/Project/CI4/lms-beecons/system/BaseModel.php(865): CodeIgniter\Model->doUpdate()
#6 /home/whytrno/Documents/Project/CI4/lms-beecons/system/Model.php(692): CodeIgniter\BaseModel->update()
#7 /home/whytrno/Documents/Project/CI4/lms-beecons/app/Controllers/CourseController.php(124): CodeIgniter\Model->update()
#8 /home/whytrno/Documents/Project/CI4/lms-beecons/system/CodeIgniter.php(904): App\Controllers\CourseController->update()
#9 /home/whytrno/Documents/Project/CI4/lms-beecons/system/CodeIgniter.php(457): CodeIgniter\CodeIgniter->runController()
#10 /home/whytrno/Documents/Project/CI4/lms-beecons/system/CodeIgniter.php(340): CodeIgniter\CodeIgniter->handleRequest()
#11 /home/whytrno/Documents/Project/CI4/lms-beecons/public/index.php(67): CodeIgniter\CodeIgniter->run()
#12 /home/whytrno/Documents/Project/CI4/lms-beecons/system/Commands/Server/rewrite.php(43): require_once('...')
#13 {main}
CRITICAL - 2022-09-13 04:06:37 --> Operand should contain 1 column(s)
in SYSTEMPATH/Database/MySQLi/Connection.php on line 292.
 1 SYSTEMPATH/Database/MySQLi/Connection.php(292): mysqli->query()
 2 SYSTEMPATH/Database/BaseConnection.php(693): CodeIgniter\Database\MySQLi\Connection->execute()
 3 SYSTEMPATH/Database/BaseConnection.php(620): CodeIgniter\Database\BaseConnection->simpleQuery()
 4 SYSTEMPATH/Database/BaseBuilder.php(2078): CodeIgniter\Database\BaseConnection->query()
 5 SYSTEMPATH/Model.php(337): CodeIgniter\Database\BaseBuilder->update()
 6 SYSTEMPATH/BaseModel.php(865): CodeIgniter\Model->doUpdate()
 7 SYSTEMPATH/Model.php(692): CodeIgniter\BaseModel->update()
 8 APPPATH/Controllers/CourseController.php(124): CodeIgniter\Model->update()
 9 SYSTEMPATH/CodeIgniter.php(904): App\Controllers\CourseController->update()
10 SYSTEMPATH/CodeIgniter.php(457): CodeIgniter\CodeIgniter->runController()
11 SYSTEMPATH/CodeIgniter.php(340): CodeIgniter\CodeIgniter->handleRequest()
12 FCPATH/index.php(67): CodeIgniter\CodeIgniter->run()
13 SYSTEMPATH/Commands/Server/rewrite.php(43): require_once('FCPATH/index.php')
ERROR - 2022-09-13 04:08:58 --> mysqli_sql_exception: Operand should contain 1 column(s) in /home/whytrno/Documents/Project/CI4/lms-beecons/system/Database/MySQLi/Connection.php:292
Stack trace:
#0 /home/whytrno/Documents/Project/CI4/lms-beecons/system/Database/MySQLi/Connection.php(292): mysqli->query()
#1 /home/whytrno/Documents/Project/CI4/lms-beecons/system/Database/BaseConnection.php(693): CodeIgniter\Database\MySQLi\Connection->execute()
#2 /home/whytrno/Documents/Project/CI4/lms-beecons/system/Database/BaseConnection.php(620): CodeIgniter\Database\BaseConnection->simpleQuery()
#3 /home/whytrno/Documents/Project/CI4/lms-beecons/system/Database/BaseBuilder.php(2078): CodeIgniter\Database\BaseConnection->query()
#4 /home/whytrno/Documents/Project/CI4/lms-beecons/system/Model.php(337): CodeIgniter\Database\BaseBuilder->update()
#5 /home/whytrno/Documents/Project/CI4/lms-beecons/system/BaseModel.php(865): CodeIgniter\Model->doUpdate()
#6 /home/whytrno/Documents/Project/CI4/lms-beecons/system/Model.php(692): CodeIgniter\BaseModel->update()
#7 /home/whytrno/Documents/Project/CI4/lms-beecons/app/Controllers/CourseController.php(131): CodeIgniter\Model->update()
#8 /home/whytrno/Documents/Project/CI4/lms-beecons/system/CodeIgniter.php(904): App\Controllers\CourseController->update()
#9 /home/whytrno/Documents/Project/CI4/lms-beecons/system/CodeIgniter.php(457): CodeIgniter\CodeIgniter->runController()
#10 /home/whytrno/Documents/Project/CI4/lms-beecons/system/CodeIgniter.php(340): CodeIgniter\CodeIgniter->handleRequest()
#11 /home/whytrno/Documents/Project/CI4/lms-beecons/public/index.php(67): CodeIgniter\CodeIgniter->run()
#12 /home/whytrno/Documents/Project/CI4/lms-beecons/system/Commands/Server/rewrite.php(43): require_once('...')
#13 {main}
CRITICAL - 2022-09-13 04:08:58 --> Operand should contain 1 column(s)
in SYSTEMPATH/Database/MySQLi/Connection.php on line 292.
 1 SYSTEMPATH/Database/MySQLi/Connection.php(292): mysqli->query()
 2 SYSTEMPATH/Database/BaseConnection.php(693): CodeIgniter\Database\MySQLi\Connection->execute()
 3 SYSTEMPATH/Database/BaseConnection.php(620): CodeIgniter\Database\BaseConnection->simpleQuery()
 4 SYSTEMPATH/Database/BaseBuilder.php(2078): CodeIgniter\Database\BaseConnection->query()
 5 SYSTEMPATH/Model.php(337): CodeIgniter\Database\BaseBuilder->update()
 6 SYSTEMPATH/BaseModel.php(865): CodeIgniter\Model->doUpdate()
 7 SYSTEMPATH/Model.php(692): CodeIgniter\BaseModel->update()
 8 APPPATH/Controllers/CourseController.php(131): CodeIgniter\Model->update()
 9 SYSTEMPATH/CodeIgniter.php(904): App\Controllers\CourseController->update()
10 SYSTEMPATH/CodeIgniter.php(457): CodeIgniter\CodeIgniter->runController()
11 SYSTEMPATH/CodeIgniter.php(340): CodeIgniter\CodeIgniter->handleRequest()
12 FCPATH/index.php(67): CodeIgniter\CodeIgniter->run()
13 SYSTEMPATH/Commands/Server/rewrite.php(43): require_once('FCPATH/index.php')
ERROR - 2022-09-13 04:11:50 --> mysqli_sql_exception: Operand should contain 1 column(s) in /home/whytrno/Documents/Project/CI4/lms-beecons/system/Database/MySQLi/Connection.php:292
Stack trace:
#0 /home/whytrno/Documents/Project/CI4/lms-beecons/system/Database/MySQLi/Connection.php(292): mysqli->query()
#1 /home/whytrno/Documents/Project/CI4/lms-beecons/system/Database/BaseConnection.php(693): CodeIgniter\Database\MySQLi\Connection->execute()
#2 /home/whytrno/Documents/Project/CI4/lms-beecons/system/Database/BaseConnection.php(620): CodeIgniter\Database\BaseConnection->simpleQuery()
#3 /home/whytrno/Documents/Project/CI4/lms-beecons/system/Database/BaseBuilder.php(2078): CodeIgniter\Database\BaseConnection->query()
#4 /home/whytrno/Documents/Project/CI4/lms-beecons/system/Model.php(337): CodeIgniter\Database\BaseBuilder->update()
#5 /home/whytrno/Documents/Project/CI4/lms-beecons/system/BaseModel.php(865): CodeIgniter\Model->doUpdate()
#6 /home/whytrno/Documents/Project/CI4/lms-beecons/system/Model.php(692): CodeIgniter\BaseModel->update()
#7 /home/whytrno/Documents/Project/CI4/lms-beecons/app/Controllers/CourseController.php(130): CodeIgniter\Model->update()
#8 /home/whytrno/Documents/Project/CI4/lms-beecons/system/CodeIgniter.php(904): App\Controllers\CourseController->update()
#9 /home/whytrno/Documents/Project/CI4/lms-beecons/system/CodeIgniter.php(457): CodeIgniter\CodeIgniter->runController()
#10 /home/whytrno/Documents/Project/CI4/lms-beecons/system/CodeIgniter.php(340): CodeIgniter\CodeIgniter->handleRequest()
#11 /home/whytrno/Documents/Project/CI4/lms-beecons/public/index.php(67): CodeIgniter\CodeIgniter->run()
#12 /home/whytrno/Documents/Project/CI4/lms-beecons/system/Commands/Server/rewrite.php(43): require_once('...')
#13 {main}
CRITICAL - 2022-09-13 04:11:50 --> Operand should contain 1 column(s)
in SYSTEMPATH/Database/MySQLi/Connection.php on line 292.
 1 SYSTEMPATH/Database/MySQLi/Connection.php(292): mysqli->query()
 2 SYSTEMPATH/Database/BaseConnection.php(693): CodeIgniter\Database\MySQLi\Connection->execute()
 3 SYSTEMPATH/Database/BaseConnection.php(620): CodeIgniter\Database\BaseConnection->simpleQuery()
 4 SYSTEMPATH/Database/BaseBuilder.php(2078): CodeIgniter\Database\BaseConnection->query()
 5 SYSTEMPATH/Model.php(337): CodeIgniter\Database\BaseBuilder->update()
 6 SYSTEMPATH/BaseModel.php(865): CodeIgniter\Model->doUpdate()
 7 SYSTEMPATH/Model.php(692): CodeIgniter\BaseModel->update()
 8 APPPATH/Controllers/CourseController.php(130): CodeIgniter\Model->update()
 9 SYSTEMPATH/CodeIgniter.php(904): App\Controllers\CourseController->update()
10 SYSTEMPATH/CodeIgniter.php(457): CodeIgniter\CodeIgniter->runController()
11 SYSTEMPATH/CodeIgniter.php(340): CodeIgniter\CodeIgniter->handleRequest()
12 FCPATH/index.php(67): CodeIgniter\CodeIgniter->run()
13 SYSTEMPATH/Commands/Server/rewrite.php(43): require_once('FCPATH/index.php')
CRITICAL - 2022-09-13 04:13:05 --> Undefined array key "value"
in APPPATH/Controllers/CourseController.php on line 119.
 1 APPPATH/Controllers/CourseController.php(119): CodeIgniter\Debug\Exceptions->errorHandler()
 2 SYSTEMPATH/CodeIgniter.php(904): App\Controllers\CourseController->update()
 3 SYSTEMPATH/CodeIgniter.php(457): CodeIgniter\CodeIgniter->runController()
 4 SYSTEMPATH/CodeIgniter.php(340): CodeIgniter\CodeIgniter->handleRequest()
 5 FCPATH/index.php(67): CodeIgniter\CodeIgniter->run()
 6 SYSTEMPATH/Commands/Server/rewrite.php(43): require_once('FCPATH/index.php')
CRITICAL - 2022-09-13 04:13:16 --> Undefined array key "value"
in APPPATH/Controllers/CourseController.php on line 119.
 1 APPPATH/Controllers/CourseController.php(119): CodeIgniter\Debug\Exceptions->errorHandler()
 2 SYSTEMPATH/CodeIgniter.php(904): App\Controllers\CourseController->update()
 3 SYSTEMPATH/CodeIgniter.php(457): CodeIgniter\CodeIgniter->runController()
 4 SYSTEMPATH/CodeIgniter.php(340): CodeIgniter\CodeIgniter->handleRequest()
 5 FCPATH/index.php(67): CodeIgniter\CodeIgniter->run()
 6 SYSTEMPATH/Commands/Server/rewrite.php(43): require_once('FCPATH/index.php')
CRITICAL - 2022-09-13 04:13:19 --> Undefined array key "value"
in APPPATH/Controllers/CourseController.php on line 119.
 1 APPPATH/Controllers/CourseController.php(119): CodeIgniter\Debug\Exceptions->errorHandler()
 2 SYSTEMPATH/CodeIgniter.php(904): App\Controllers\CourseController->update()
 3 SYSTEMPATH/CodeIgniter.php(457): CodeIgniter\CodeIgniter->runController()
 4 SYSTEMPATH/CodeIgniter.php(340): CodeIgniter\CodeIgniter->handleRequest()
 5 FCPATH/index.php(67): CodeIgniter\CodeIgniter->run()
 6 SYSTEMPATH/Commands/Server/rewrite.php(43): require_once('FCPATH/index.php')
ERROR - 2022-09-13 04:21:48 --> mysqli_sql_exception: Operand should contain 1 column(s) in /home/whytrno/Documents/Project/CI4/lms-beecons/system/Database/MySQLi/Connection.php:292
Stack trace:
#0 /home/whytrno/Documents/Project/CI4/lms-beecons/system/Database/MySQLi/Connection.php(292): mysqli->query()
#1 /home/whytrno/Documents/Project/CI4/lms-beecons/system/Database/BaseConnection.php(693): CodeIgniter\Database\MySQLi\Connection->execute()
#2 /home/whytrno/Documents/Project/CI4/lms-beecons/system/Database/BaseConnection.php(620): CodeIgniter\Database\BaseConnection->simpleQuery()
#3 /home/whytrno/Documents/Project/CI4/lms-beecons/system/Database/BaseBuilder.php(2078): CodeIgniter\Database\BaseConnection->query()
#4 /home/whytrno/Documents/Project/CI4/lms-beecons/system/Model.php(337): CodeIgniter\Database\BaseBuilder->update()
#5 /home/whytrno/Documents/Project/CI4/lms-beecons/system/BaseModel.php(865): CodeIgniter\Model->doUpdate()
#6 /home/whytrno/Documents/Project/CI4/lms-beecons/system/Model.php(692): CodeIgniter\BaseModel->update()
#7 /home/whytrno/Documents/Project/CI4/lms-beecons/app/Controllers/CourseController.php(134): CodeIgniter\Model->update()
#8 /home/whytrno/Documents/Project/CI4/lms-beecons/system/CodeIgniter.php(904): App\Controllers\CourseController->update()
#9 /home/whytrno/Documents/Project/CI4/lms-beecons/system/CodeIgniter.php(457): CodeIgniter\CodeIgniter->runController()
#10 /home/whytrno/Documents/Project/CI4/lms-beecons/system/CodeIgniter.php(340): CodeIgniter\CodeIgniter->handleRequest()
#11 /home/whytrno/Documents/Project/CI4/lms-beecons/public/index.php(67): CodeIgniter\CodeIgniter->run()
#12 /home/whytrno/Documents/Project/CI4/lms-beecons/system/Commands/Server/rewrite.php(43): require_once('...')
#13 {main}
CRITICAL - 2022-09-13 04:21:48 --> Operand should contain 1 column(s)
in SYSTEMPATH/Database/MySQLi/Connection.php on line 292.
 1 SYSTEMPATH/Database/MySQLi/Connection.php(292): mysqli->query()
 2 SYSTEMPATH/Database/BaseConnection.php(693): CodeIgniter\Database\MySQLi\Connection->execute()
 3 SYSTEMPATH/Database/BaseConnection.php(620): CodeIgniter\Database\BaseConnection->simpleQuery()
 4 SYSTEMPATH/Database/BaseBuilder.php(2078): CodeIgniter\Database\BaseConnection->query()
 5 SYSTEMPATH/Model.php(337): CodeIgniter\Database\BaseBuilder->update()
 6 SYSTEMPATH/BaseModel.php(865): CodeIgniter\Model->doUpdate()
 7 SYSTEMPATH/Model.php(692): CodeIgniter\BaseModel->update()
 8 APPPATH/Controllers/CourseController.php(134): CodeIgniter\Model->update()
 9 SYSTEMPATH/CodeIgniter.php(904): App\Controllers\CourseController->update()
10 SYSTEMPATH/CodeIgniter.php(457): CodeIgniter\CodeIgniter->runController()
11 SYSTEMPATH/CodeIgniter.php(340): CodeIgniter\CodeIgniter->handleRequest()
12 FCPATH/index.php(67): CodeIgniter\CodeIgniter->run()
13 SYSTEMPATH/Commands/Server/rewrite.php(43): require_once('FCPATH/index.php')
CRITICAL - 2022-09-13 04:22:07 --> There is no data to update.
in SYSTEMPATH/BaseModel.php on line 846.
 1 SYSTEMPATH/BaseModel.php(846): CodeIgniter\Database\Exceptions\DataException::forEmptyDataset()
 2 SYSTEMPATH/Model.php(692): CodeIgniter\BaseModel->update()
 3 APPPATH/Controllers/CourseController.php(134): CodeIgniter\Model->update()
 4 SYSTEMPATH/CodeIgniter.php(904): App\Controllers\CourseController->update()
 5 SYSTEMPATH/CodeIgniter.php(457): CodeIgniter\CodeIgniter->runController()
 6 SYSTEMPATH/CodeIgniter.php(340): CodeIgniter\CodeIgniter->handleRequest()
 7 FCPATH/index.php(67): CodeIgniter\CodeIgniter->run()
 8 SYSTEMPATH/Commands/Server/rewrite.php(43): require_once('FCPATH/index.php')
ERROR - 2022-09-13 04:22:27 --> mysqli_sql_exception: Operand should contain 1 column(s) in /home/whytrno/Documents/Project/CI4/lms-beecons/system/Database/MySQLi/Connection.php:292
Stack trace:
#0 /home/whytrno/Documents/Project/CI4/lms-beecons/system/Database/MySQLi/Connection.php(292): mysqli->query()
#1 /home/whytrno/Documents/Project/CI4/lms-beecons/system/Database/BaseConnection.php(693): CodeIgniter\Database\MySQLi\Connection->execute()
#2 /home/whytrno/Documents/Project/CI4/lms-beecons/system/Database/BaseConnection.php(620): CodeIgniter\Database\BaseConnection->simpleQuery()
#3 /home/whytrno/Documents/Project/CI4/lms-beecons/system/Database/BaseBuilder.php(2078): CodeIgniter\Database\BaseConnection->query()
#4 /home/whytrno/Documents/Project/CI4/lms-beecons/system/Model.php(337): CodeIgniter\Database\BaseBuilder->update()
#5 /home/whytrno/Documents/Project/CI4/lms-beecons/system/BaseModel.php(865): CodeIgniter\Model->doUpdate()
#6 /home/whytrno/Documents/Project/CI4/lms-beecons/system/Model.php(692): CodeIgniter\BaseModel->update()
#7 /home/whytrno/Documents/Project/CI4/lms-beecons/app/Controllers/CourseController.php(132): CodeIgniter\Model->update()
#8 /home/whytrno/Documents/Project/CI4/lms-beecons/system/CodeIgniter.php(904): App\Controllers\CourseController->update()
#9 /home/whytrno/Documents/Project/CI4/lms-beecons/system/CodeIgniter.php(457): CodeIgniter\CodeIgniter->runController()
#10 /home/whytrno/Documents/Project/CI4/lms-beecons/system/CodeIgniter.php(340): CodeIgniter\CodeIgniter->handleRequest()
#11 /home/whytrno/Documents/Project/CI4/lms-beecons/public/index.php(67): CodeIgniter\CodeIgniter->run()
#12 /home/whytrno/Documents/Project/CI4/lms-beecons/system/Commands/Server/rewrite.php(43): require_once('...')
#13 {main}
CRITICAL - 2022-09-13 04:22:27 --> Operand should contain 1 column(s)
in SYSTEMPATH/Database/MySQLi/Connection.php on line 292.
 1 SYSTEMPATH/Database/MySQLi/Connection.php(292): mysqli->query()
 2 SYSTEMPATH/Database/BaseConnection.php(693): CodeIgniter\Database\MySQLi\Connection->execute()
 3 SYSTEMPATH/Database/BaseConnection.php(620): CodeIgniter\Database\BaseConnection->simpleQuery()
 4 SYSTEMPATH/Database/BaseBuilder.php(2078): CodeIgniter\Database\BaseConnection->query()
 5 SYSTEMPATH/Model.php(337): CodeIgniter\Database\BaseBuilder->update()
 6 SYSTEMPATH/BaseModel.php(865): CodeIgniter\Model->doUpdate()
 7 SYSTEMPATH/Model.php(692): CodeIgniter\BaseModel->update()
 8 APPPATH/Controllers/CourseController.php(132): CodeIgniter\Model->update()
 9 SYSTEMPATH/CodeIgniter.php(904): App\Controllers\CourseController->update()
10 SYSTEMPATH/CodeIgniter.php(457): CodeIgniter\CodeIgniter->runController()
11 SYSTEMPATH/CodeIgniter.php(340): CodeIgniter\CodeIgniter->handleRequest()
12 FCPATH/index.php(67): CodeIgniter\CodeIgniter->run()
13 SYSTEMPATH/Commands/Server/rewrite.php(43): require_once('FCPATH/index.php')
CRITICAL - 2022-09-13 04:22:41 --> Undefined array key "title"
in APPPATH/Controllers/CourseController.php on line 130.
 1 APPPATH/Controllers/CourseController.php(130): CodeIgniter\Debug\Exceptions->errorHandler()
 2 SYSTEMPATH/CodeIgniter.php(904): App\Controllers\CourseController->update()
 3 SYSTEMPATH/CodeIgniter.php(457): CodeIgniter\CodeIgniter->runController()
 4 SYSTEMPATH/CodeIgniter.php(340): CodeIgniter\CodeIgniter->handleRequest()
 5 FCPATH/index.php(67): CodeIgniter\CodeIgniter->run()
 6 SYSTEMPATH/Commands/Server/rewrite.php(43): require_once('FCPATH/index.php')
ERROR - 2022-09-13 04:22:54 --> mysqli_sql_exception: Operand should contain 1 column(s) in /home/whytrno/Documents/Project/CI4/lms-beecons/system/Database/MySQLi/Connection.php:292
Stack trace:
#0 /home/whytrno/Documents/Project/CI4/lms-beecons/system/Database/MySQLi/Connection.php(292): mysqli->query()
#1 /home/whytrno/Documents/Project/CI4/lms-beecons/system/Database/BaseConnection.php(693): CodeIgniter\Database\MySQLi\Connection->execute()
#2 /home/whytrno/Documents/Project/CI4/lms-beecons/system/Database/BaseConnection.php(620): CodeIgniter\Database\BaseConnection->simpleQuery()
#3 /home/whytrno/Documents/Project/CI4/lms-beecons/system/Database/BaseBuilder.php(2078): CodeIgniter\Database\BaseConnection->query()
#4 /home/whytrno/Documents/Project/CI4/lms-beecons/system/Model.php(337): CodeIgniter\Database\BaseBuilder->update()
#5 /home/whytrno/Documents/Project/CI4/lms-beecons/system/BaseModel.php(865): CodeIgniter\Model->doUpdate()
#6 /home/whytrno/Documents/Project/CI4/lms-beecons/system/Model.php(692): CodeIgniter\BaseModel->update()
#7 /home/whytrno/Documents/Project/CI4/lms-beecons/app/Controllers/CourseController.php(130): CodeIgniter\Model->update()
#8 /home/whytrno/Documents/Project/CI4/lms-beecons/system/CodeIgniter.php(904): App\Controllers\CourseController->update()
#9 /home/whytrno/Documents/Project/CI4/lms-beecons/system/CodeIgniter.php(457): CodeIgniter\CodeIgniter->runController()
#10 /home/whytrno/Documents/Project/CI4/lms-beecons/system/CodeIgniter.php(340): CodeIgniter\CodeIgniter->handleRequest()
#11 /home/whytrno/Documents/Project/CI4/lms-beecons/public/index.php(67): CodeIgniter\CodeIgniter->run()
#12 /home/whytrno/Documents/Project/CI4/lms-beecons/system/Commands/Server/rewrite.php(43): require_once('...')
#13 {main}
CRITICAL - 2022-09-13 04:22:54 --> Operand should contain 1 column(s)
in SYSTEMPATH/Database/MySQLi/Connection.php on line 292.
 1 SYSTEMPATH/Database/MySQLi/Connection.php(292): mysqli->query()
 2 SYSTEMPATH/Database/BaseConnection.php(693): CodeIgniter\Database\MySQLi\Connection->execute()
 3 SYSTEMPATH/Database/BaseConnection.php(620): CodeIgniter\Database\BaseConnection->simpleQuery()
 4 SYSTEMPATH/Database/BaseBuilder.php(2078): CodeIgniter\Database\BaseConnection->query()
 5 SYSTEMPATH/Model.php(337): CodeIgniter\Database\BaseBuilder->update()
 6 SYSTEMPATH/BaseModel.php(865): CodeIgniter\Model->doUpdate()
 7 SYSTEMPATH/Model.php(692): CodeIgniter\BaseModel->update()
 8 APPPATH/Controllers/CourseController.php(130): CodeIgniter\Model->update()
 9 SYSTEMPATH/CodeIgniter.php(904): App\Controllers\CourseController->update()
10 SYSTEMPATH/CodeIgniter.php(457): CodeIgniter\CodeIgniter->runController()
11 SYSTEMPATH/CodeIgniter.php(340): CodeIgniter\CodeIgniter->handleRequest()
12 FCPATH/index.php(67): CodeIgniter\CodeIgniter->run()
13 SYSTEMPATH/Commands/Server/rewrite.php(43): require_once('FCPATH/index.php')
