ERROR - 2022-09-14 20:29:56 --> mysqli_sql_exception: You have an error in your SQL syntax; check the manual that corresponds to your MariaDB server version for the right syntax to use near '))' at line 1 in /home/whytrno/Documents/Project/CI4/lms-beecons/system/Database/MySQLi/Connection.php:292
Stack trace:
#0 /home/whytrno/Documents/Project/CI4/lms-beecons/system/Database/MySQLi/Connection.php(292): mysqli->query()
#1 /home/whytrno/Documents/Project/CI4/lms-beecons/system/Database/BaseConnection.php(693): CodeIgniter\Database\MySQLi\Connection->execute()
#2 /home/whytrno/Documents/Project/CI4/lms-beecons/system/Database/BaseConnection.php(620): CodeIgniter\Database\BaseConnection->simpleQuery()
#3 /home/whytrno/Documents/Project/CI4/lms-beecons/system/Database/BaseBuilder.php(1916): CodeIgniter\Database\BaseConnection->query()
#4 /home/whytrno/Documents/Project/CI4/lms-beecons/system/Model.php(278): CodeIgniter\Database\BaseBuilder->insert()
#5 /home/whytrno/Documents/Project/CI4/lms-beecons/system/BaseModel.php(738): CodeIgniter\Model->doInsert()
#6 /home/whytrno/Documents/Project/CI4/lms-beecons/system/Model.php(666): CodeIgniter\BaseModel->insert()
#7 /home/whytrno/Documents/Project/CI4/lms-beecons/app/Controllers/PolicyAndPrivacyController.php(76): CodeIgniter\Model->insert()
#8 /home/whytrno/Documents/Project/CI4/lms-beecons/system/CodeIgniter.php(904): App\Controllers\PolicyAndPrivacyController->create()
#9 /home/whytrno/Documents/Project/CI4/lms-beecons/system/CodeIgniter.php(457): CodeIgniter\CodeIgniter->runController()
#10 /home/whytrno/Documents/Project/CI4/lms-beecons/system/CodeIgniter.php(340): CodeIgniter\CodeIgniter->handleRequest()
#11 /home/whytrno/Documents/Project/CI4/lms-beecons/public/index.php(67): CodeIgniter\CodeIgniter->run()
#12 /home/whytrno/Documents/Project/CI4/lms-beecons/system/Commands/Server/rewrite.php(43): require_once('...')
#13 {main}
CRITICAL - 2022-09-14 20:29:56 --> You have an error in your SQL syntax; check the manual that corresponds to your MariaDB server version for the right syntax to use near '))' at line 1
in SYSTEMPATH/Database/MySQLi/Connection.php on line 292.
 1 SYSTEMPATH/Database/MySQLi/Connection.php(292): mysqli->query()
 2 SYSTEMPATH/Database/BaseConnection.php(693): CodeIgniter\Database\MySQLi\Connection->execute()
 3 SYSTEMPATH/Database/BaseConnection.php(620): CodeIgniter\Database\BaseConnection->simpleQuery()
 4 SYSTEMPATH/Database/BaseBuilder.php(1916): CodeIgniter\Database\BaseConnection->query()
 5 SYSTEMPATH/Model.php(278): CodeIgniter\Database\BaseBuilder->insert()
 6 SYSTEMPATH/BaseModel.php(738): CodeIgniter\Model->doInsert()
 7 SYSTEMPATH/Model.php(666): CodeIgniter\BaseModel->insert()
 8 APPPATH/Controllers/PolicyAndPrivacyController.php(76): CodeIgniter\Model->insert()
 9 SYSTEMPATH/CodeIgniter.php(904): App\Controllers\PolicyAndPrivacyController->create()
10 SYSTEMPATH/CodeIgniter.php(457): CodeIgniter\CodeIgniter->runController()
11 SYSTEMPATH/CodeIgniter.php(340): CodeIgniter\CodeIgniter->handleRequest()
12 FCPATH/index.php(67): CodeIgniter\CodeIgniter->run()
13 SYSTEMPATH/Commands/Server/rewrite.php(43): require_once('FCPATH/index.php')
ERROR - 2022-09-14 20:31:58 --> mysqli_sql_exception: You have an error in your SQL syntax; check the manual that corresponds to your MariaDB server version for the right syntax to use near '))' at line 1 in /home/whytrno/Documents/Project/CI4/lms-beecons/system/Database/MySQLi/Connection.php:292
Stack trace:
#0 /home/whytrno/Documents/Project/CI4/lms-beecons/system/Database/MySQLi/Connection.php(292): mysqli->query()
#1 /home/whytrno/Documents/Project/CI4/lms-beecons/system/Database/BaseConnection.php(693): CodeIgniter\Database\MySQLi\Connection->execute()
#2 /home/whytrno/Documents/Project/CI4/lms-beecons/system/Database/BaseConnection.php(620): CodeIgniter\Database\BaseConnection->simpleQuery()
#3 /home/whytrno/Documents/Project/CI4/lms-beecons/system/Database/BaseBuilder.php(1916): CodeIgniter\Database\BaseConnection->query()
#4 /home/whytrno/Documents/Project/CI4/lms-beecons/system/Model.php(278): CodeIgniter\Database\BaseBuilder->insert()
#5 /home/whytrno/Documents/Project/CI4/lms-beecons/system/BaseModel.php(738): CodeIgniter\Model->doInsert()
#6 /home/whytrno/Documents/Project/CI4/lms-beecons/system/Model.php(666): CodeIgniter\BaseModel->insert()
#7 /home/whytrno/Documents/Project/CI4/lms-beecons/app/Controllers/PolicyAndPrivacyController.php(76): CodeIgniter\Model->insert()
#8 /home/whytrno/Documents/Project/CI4/lms-beecons/system/CodeIgniter.php(904): App\Controllers\PolicyAndPrivacyController->create()
#9 /home/whytrno/Documents/Project/CI4/lms-beecons/system/CodeIgniter.php(457): CodeIgniter\CodeIgniter->runController()
#10 /home/whytrno/Documents/Project/CI4/lms-beecons/system/CodeIgniter.php(340): CodeIgniter\CodeIgniter->handleRequest()
#11 /home/whytrno/Documents/Project/CI4/lms-beecons/public/index.php(67): CodeIgniter\CodeIgniter->run()
#12 /home/whytrno/Documents/Project/CI4/lms-beecons/system/Commands/Server/rewrite.php(43): require_once('...')
#13 {main}
CRITICAL - 2022-09-14 20:31:58 --> You have an error in your SQL syntax; check the manual that corresponds to your MariaDB server version for the right syntax to use near '))' at line 1
in SYSTEMPATH/Database/MySQLi/Connection.php on line 292.
 1 SYSTEMPATH/Database/MySQLi/Connection.php(292): mysqli->query()
 2 SYSTEMPATH/Database/BaseConnection.php(693): CodeIgniter\Database\MySQLi\Connection->execute()
 3 SYSTEMPATH/Database/BaseConnection.php(620): CodeIgniter\Database\BaseConnection->simpleQuery()
 4 SYSTEMPATH/Database/BaseBuilder.php(1916): CodeIgniter\Database\BaseConnection->query()
 5 SYSTEMPATH/Model.php(278): CodeIgniter\Database\BaseBuilder->insert()
 6 SYSTEMPATH/BaseModel.php(738): CodeIgniter\Model->doInsert()
 7 SYSTEMPATH/Model.php(666): CodeIgniter\BaseModel->insert()
 8 APPPATH/Controllers/PolicyAndPrivacyController.php(76): CodeIgniter\Model->insert()
 9 SYSTEMPATH/CodeIgniter.php(904): App\Controllers\PolicyAndPrivacyController->create()
10 SYSTEMPATH/CodeIgniter.php(457): CodeIgniter\CodeIgniter->runController()
11 SYSTEMPATH/CodeIgniter.php(340): CodeIgniter\CodeIgniter->handleRequest()
12 FCPATH/index.php(67): CodeIgniter\CodeIgniter->run()
13 SYSTEMPATH/Commands/Server/rewrite.php(43): require_once('FCPATH/index.php')
ERROR - 2022-09-14 20:32:04 --> mysqli_sql_exception: You have an error in your SQL syntax; check the manual that corresponds to your MariaDB server version for the right syntax to use near '))' at line 1 in /home/whytrno/Documents/Project/CI4/lms-beecons/system/Database/MySQLi/Connection.php:292
Stack trace:
#0 /home/whytrno/Documents/Project/CI4/lms-beecons/system/Database/MySQLi/Connection.php(292): mysqli->query()
#1 /home/whytrno/Documents/Project/CI4/lms-beecons/system/Database/BaseConnection.php(693): CodeIgniter\Database\MySQLi\Connection->execute()
#2 /home/whytrno/Documents/Project/CI4/lms-beecons/system/Database/BaseConnection.php(620): CodeIgniter\Database\BaseConnection->simpleQuery()
#3 /home/whytrno/Documents/Project/CI4/lms-beecons/system/Database/BaseBuilder.php(1916): CodeIgniter\Database\BaseConnection->query()
#4 /home/whytrno/Documents/Project/CI4/lms-beecons/system/Model.php(278): CodeIgniter\Database\BaseBuilder->insert()
#5 /home/whytrno/Documents/Project/CI4/lms-beecons/system/BaseModel.php(738): CodeIgniter\Model->doInsert()
#6 /home/whytrno/Documents/Project/CI4/lms-beecons/system/Model.php(666): CodeIgniter\BaseModel->insert()
#7 /home/whytrno/Documents/Project/CI4/lms-beecons/app/Controllers/PolicyAndPrivacyController.php(76): CodeIgniter\Model->insert()
#8 /home/whytrno/Documents/Project/CI4/lms-beecons/system/CodeIgniter.php(904): App\Controllers\PolicyAndPrivacyController->create()
#9 /home/whytrno/Documents/Project/CI4/lms-beecons/system/CodeIgniter.php(457): CodeIgniter\CodeIgniter->runController()
#10 /home/whytrno/Documents/Project/CI4/lms-beecons/system/CodeIgniter.php(340): CodeIgniter\CodeIgniter->handleRequest()
#11 /home/whytrno/Documents/Project/CI4/lms-beecons/public/index.php(67): CodeIgniter\CodeIgniter->run()
#12 /home/whytrno/Documents/Project/CI4/lms-beecons/system/Commands/Server/rewrite.php(43): require_once('...')
#13 {main}
CRITICAL - 2022-09-14 20:32:04 --> You have an error in your SQL syntax; check the manual that corresponds to your MariaDB server version for the right syntax to use near '))' at line 1
in SYSTEMPATH/Database/MySQLi/Connection.php on line 292.
 1 SYSTEMPATH/Database/MySQLi/Connection.php(292): mysqli->query()
 2 SYSTEMPATH/Database/BaseConnection.php(693): CodeIgniter\Database\MySQLi\Connection->execute()
 3 SYSTEMPATH/Database/BaseConnection.php(620): CodeIgniter\Database\BaseConnection->simpleQuery()
 4 SYSTEMPATH/Database/BaseBuilder.php(1916): CodeIgniter\Database\BaseConnection->query()
 5 SYSTEMPATH/Model.php(278): CodeIgniter\Database\BaseBuilder->insert()
 6 SYSTEMPATH/BaseModel.php(738): CodeIgniter\Model->doInsert()
 7 SYSTEMPATH/Model.php(666): CodeIgniter\BaseModel->insert()
 8 APPPATH/Controllers/PolicyAndPrivacyController.php(76): CodeIgniter\Model->insert()
 9 SYSTEMPATH/CodeIgniter.php(904): App\Controllers\PolicyAndPrivacyController->create()
10 SYSTEMPATH/CodeIgniter.php(457): CodeIgniter\CodeIgniter->runController()
11 SYSTEMPATH/CodeIgniter.php(340): CodeIgniter\CodeIgniter->handleRequest()
12 FCPATH/index.php(67): CodeIgniter\CodeIgniter->run()
13 SYSTEMPATH/Commands/Server/rewrite.php(43): require_once('FCPATH/index.php')
ERROR - 2022-09-14 20:32:11 --> mysqli_sql_exception: You have an error in your SQL syntax; check the manual that corresponds to your MariaDB server version for the right syntax to use near '))' at line 1 in /home/whytrno/Documents/Project/CI4/lms-beecons/system/Database/MySQLi/Connection.php:292
Stack trace:
#0 /home/whytrno/Documents/Project/CI4/lms-beecons/system/Database/MySQLi/Connection.php(292): mysqli->query()
#1 /home/whytrno/Documents/Project/CI4/lms-beecons/system/Database/BaseConnection.php(693): CodeIgniter\Database\MySQLi\Connection->execute()
#2 /home/whytrno/Documents/Project/CI4/lms-beecons/system/Database/BaseConnection.php(620): CodeIgniter\Database\BaseConnection->simpleQuery()
#3 /home/whytrno/Documents/Project/CI4/lms-beecons/system/Database/BaseBuilder.php(1916): CodeIgniter\Database\BaseConnection->query()
#4 /home/whytrno/Documents/Project/CI4/lms-beecons/system/Model.php(278): CodeIgniter\Database\BaseBuilder->insert()
#5 /home/whytrno/Documents/Project/CI4/lms-beecons/system/BaseModel.php(738): CodeIgniter\Model->doInsert()
#6 /home/whytrno/Documents/Project/CI4/lms-beecons/system/Model.php(666): CodeIgniter\BaseModel->insert()
#7 /home/whytrno/Documents/Project/CI4/lms-beecons/app/Controllers/PolicyAndPrivacyController.php(76): CodeIgniter\Model->insert()
#8 /home/whytrno/Documents/Project/CI4/lms-beecons/system/CodeIgniter.php(904): App\Controllers\PolicyAndPrivacyController->create()
#9 /home/whytrno/Documents/Project/CI4/lms-beecons/system/CodeIgniter.php(457): CodeIgniter\CodeIgniter->runController()
#10 /home/whytrno/Documents/Project/CI4/lms-beecons/system/CodeIgniter.php(340): CodeIgniter\CodeIgniter->handleRequest()
#11 /home/whytrno/Documents/Project/CI4/lms-beecons/public/index.php(67): CodeIgniter\CodeIgniter->run()
#12 /home/whytrno/Documents/Project/CI4/lms-beecons/system/Commands/Server/rewrite.php(43): require_once('...')
#13 {main}
CRITICAL - 2022-09-14 20:32:11 --> You have an error in your SQL syntax; check the manual that corresponds to your MariaDB server version for the right syntax to use near '))' at line 1
in SYSTEMPATH/Database/MySQLi/Connection.php on line 292.
 1 SYSTEMPATH/Database/MySQLi/Connection.php(292): mysqli->query()
 2 SYSTEMPATH/Database/BaseConnection.php(693): CodeIgniter\Database\MySQLi\Connection->execute()
 3 SYSTEMPATH/Database/BaseConnection.php(620): CodeIgniter\Database\BaseConnection->simpleQuery()
 4 SYSTEMPATH/Database/BaseBuilder.php(1916): CodeIgniter\Database\BaseConnection->query()
 5 SYSTEMPATH/Model.php(278): CodeIgniter\Database\BaseBuilder->insert()
 6 SYSTEMPATH/BaseModel.php(738): CodeIgniter\Model->doInsert()
 7 SYSTEMPATH/Model.php(666): CodeIgniter\BaseModel->insert()
 8 APPPATH/Controllers/PolicyAndPrivacyController.php(76): CodeIgniter\Model->insert()
 9 SYSTEMPATH/CodeIgniter.php(904): App\Controllers\PolicyAndPrivacyController->create()
10 SYSTEMPATH/CodeIgniter.php(457): CodeIgniter\CodeIgniter->runController()
11 SYSTEMPATH/CodeIgniter.php(340): CodeIgniter\CodeIgniter->handleRequest()
12 FCPATH/index.php(67): CodeIgniter\CodeIgniter->run()
13 SYSTEMPATH/Commands/Server/rewrite.php(43): require_once('FCPATH/index.php')
ERROR - 2022-09-14 20:33:05 --> mysqli_sql_exception: You have an error in your SQL syntax; check the manual that corresponds to your MariaDB server version for the right syntax to use near '))' at line 1 in /home/whytrno/Documents/Project/CI4/lms-beecons/system/Database/MySQLi/Connection.php:292
Stack trace:
#0 /home/whytrno/Documents/Project/CI4/lms-beecons/system/Database/MySQLi/Connection.php(292): mysqli->query()
#1 /home/whytrno/Documents/Project/CI4/lms-beecons/system/Database/BaseConnection.php(693): CodeIgniter\Database\MySQLi\Connection->execute()
#2 /home/whytrno/Documents/Project/CI4/lms-beecons/system/Database/BaseConnection.php(620): CodeIgniter\Database\BaseConnection->simpleQuery()
#3 /home/whytrno/Documents/Project/CI4/lms-beecons/system/Database/BaseBuilder.php(1916): CodeIgniter\Database\BaseConnection->query()
#4 /home/whytrno/Documents/Project/CI4/lms-beecons/system/Model.php(278): CodeIgniter\Database\BaseBuilder->insert()
#5 /home/whytrno/Documents/Project/CI4/lms-beecons/system/BaseModel.php(738): CodeIgniter\Model->doInsert()
#6 /home/whytrno/Documents/Project/CI4/lms-beecons/system/Model.php(666): CodeIgniter\BaseModel->insert()
#7 /home/whytrno/Documents/Project/CI4/lms-beecons/app/Controllers/PolicyAndPrivacyController.php(78): CodeIgniter\Model->insert()
#8 /home/whytrno/Documents/Project/CI4/lms-beecons/system/CodeIgniter.php(904): App\Controllers\PolicyAndPrivacyController->create()
#9 /home/whytrno/Documents/Project/CI4/lms-beecons/system/CodeIgniter.php(457): CodeIgniter\CodeIgniter->runController()
#10 /home/whytrno/Documents/Project/CI4/lms-beecons/system/CodeIgniter.php(340): CodeIgniter\CodeIgniter->handleRequest()
#11 /home/whytrno/Documents/Project/CI4/lms-beecons/public/index.php(67): CodeIgniter\CodeIgniter->run()
#12 /home/whytrno/Documents/Project/CI4/lms-beecons/system/Commands/Server/rewrite.php(43): require_once('...')
#13 {main}
CRITICAL - 2022-09-14 20:33:05 --> You have an error in your SQL syntax; check the manual that corresponds to your MariaDB server version for the right syntax to use near '))' at line 1
in SYSTEMPATH/Database/MySQLi/Connection.php on line 292.
 1 SYSTEMPATH/Database/MySQLi/Connection.php(292): mysqli->query()
 2 SYSTEMPATH/Database/BaseConnection.php(693): CodeIgniter\Database\MySQLi\Connection->execute()
 3 SYSTEMPATH/Database/BaseConnection.php(620): CodeIgniter\Database\BaseConnection->simpleQuery()
 4 SYSTEMPATH/Database/BaseBuilder.php(1916): CodeIgniter\Database\BaseConnection->query()
 5 SYSTEMPATH/Model.php(278): CodeIgniter\Database\BaseBuilder->insert()
 6 SYSTEMPATH/BaseModel.php(738): CodeIgniter\Model->doInsert()
 7 SYSTEMPATH/Model.php(666): CodeIgniter\BaseModel->insert()
 8 APPPATH/Controllers/PolicyAndPrivacyController.php(78): CodeIgniter\Model->insert()
 9 SYSTEMPATH/CodeIgniter.php(904): App\Controllers\PolicyAndPrivacyController->create()
10 SYSTEMPATH/CodeIgniter.php(457): CodeIgniter\CodeIgniter->runController()
11 SYSTEMPATH/CodeIgniter.php(340): CodeIgniter\CodeIgniter->handleRequest()
12 FCPATH/index.php(67): CodeIgniter\CodeIgniter->run()
13 SYSTEMPATH/Commands/Server/rewrite.php(43): require_once('FCPATH/index.php')
CRITICAL - 2022-09-14 21:51:47 --> Undefined array key "value"
in APPPATH/Controllers/PolicyAndPrivacyController.php on line 114.
 1 APPPATH/Controllers/PolicyAndPrivacyController.php(114): CodeIgniter\Debug\Exceptions->errorHandler()
 2 SYSTEMPATH/CodeIgniter.php(904): App\Controllers\PolicyAndPrivacyController->update()
 3 SYSTEMPATH/CodeIgniter.php(457): CodeIgniter\CodeIgniter->runController()
 4 SYSTEMPATH/CodeIgniter.php(340): CodeIgniter\CodeIgniter->handleRequest()
 5 FCPATH/index.php(67): CodeIgniter\CodeIgniter->run()
 6 SYSTEMPATH/Commands/Server/rewrite.php(43): require_once('FCPATH/index.php')
CRITICAL - 2022-09-14 23:46:36 --> Undefined variable $db
in APPPATH/Controllers/CourseController.php on line 189.
 1 APPPATH/Controllers/CourseController.php(189): CodeIgniter\Debug\Exceptions->errorHandler()
 2 SYSTEMPATH/CodeIgniter.php(904): App\Controllers\CourseController->index()
 3 SYSTEMPATH/CodeIgniter.php(457): CodeIgniter\CodeIgniter->runController()
 4 SYSTEMPATH/CodeIgniter.php(340): CodeIgniter\CodeIgniter->handleRequest()
 5 FCPATH/index.php(67): CodeIgniter\CodeIgniter->run()
 6 SYSTEMPATH/Commands/Server/rewrite.php(43): require_once('FCPATH/index.php')
CRITICAL - 2022-09-14 23:48:05 --> Undefined variable $db
in APPPATH/Controllers/CourseController.php on line 189.
 1 APPPATH/Controllers/CourseController.php(189): CodeIgniter\Debug\Exceptions->errorHandler()
 2 SYSTEMPATH/CodeIgniter.php(904): App\Controllers\CourseController->index()
 3 SYSTEMPATH/CodeIgniter.php(457): CodeIgniter\CodeIgniter->runController()
 4 SYSTEMPATH/CodeIgniter.php(340): CodeIgniter\CodeIgniter->handleRequest()
 5 FCPATH/index.php(67): CodeIgniter\CodeIgniter->run()
 6 SYSTEMPATH/Commands/Server/rewrite.php(43): require_once('FCPATH/index.php')
